<?xml version="1.0" encoding="UTF-8"?>
<testng-results ignored="0" total="1" passed="1" failed="0" skipped="0">
  <reporter-output>
  </reporter-output>
  <suite started-at="2023-07-12T14:04:40 EEST" name="Suite" finished-at="2023-07-12T14:04:48 EEST" duration-ms="7225">
    <groups>
    </groups>
    <test started-at="2023-07-12T14:04:40 EEST" name="Test" finished-at="2023-07-12T14:04:48 EEST" duration-ms="7225">
      <class name="LinkedIn.GoogleTest">
        <test-method signature="Open_Google_and_Search(java.lang.String,java.lang.String)[pri:0, instance:LinkedIn.GoogleTest@6221a451]" started-at="2023-07-12T14:04:41 EEST" name="Open_Google_and_Search" data-provider="Google" finished-at="2023-07-12T14:04:48 EEST" duration-ms="6766" status="PASS">
          <params>
            <param index="0">
              <value>
                <![CDATA[Heba Omari]]>
              </value>
            </param>
            <param index="1">
              <value>
                <![CDATA[People]]>
              </value>
            </param>
          </params>
          <reporter-output>
          </reporter-output>
        </test-method> <!-- Open_Google_and_Search -->
      </class> <!-- LinkedIn.GoogleTest -->
    </test> <!-- Test -->
  </suite> <!-- Suite -->
</testng-results>
